<?xml version="1.0" encoding="UTF-8"?>
<!-- Generated by org.testng.reporters.JUnitReportReporter -->
<testsuite hostname="Asplap1704" failures="0" tests="1" name="com.MySeleniumProject.API.Tests.OAuthTest" time="3.769" errors="0" timestamp="2024-05-18T13:11:54 IST" skipped="0">
  <testcase classname="com.MySeleniumProject.API.Tests.OAuthTest" name="Deserialization" time="3.769"/>
  <system-out/>
</testsuite> <!-- com.MySeleniumProject.API.Tests.OAuthTest -->
