<?xml version="1.0" encoding="UTF-8"?>
<!-- Generated by org.testng.reporters.JUnitReportReporter -->
<testsuite hostname="Asplap1704" failures="0" tests="1" name="com.MySeleniumProject.API.Tests.BasicApi" time="0.006" errors="0" timestamp="2024-05-18T10:52:50 IST" skipped="0">
  <testcase classname="com.MySeleniumProject.API.Tests.BasicApi" name="readJsonFromExternalFile" time="0.006"/>
  <system-out/>
</testsuite> <!-- com.MySeleniumProject.API.Tests.BasicApi -->
