<?xml version="1.0" encoding="UTF-8"?>
<!-- Generated by org.testng.reporters.JUnitReportReporter -->
<testsuite hostname="Asplap1704" failures="0" tests="3" name="com.MySeleniumProject.API.Tests.LibraryBookAPI" time="2.935" errors="0" timestamp="2024-05-17T22:28:37 IST" skipped="0">
  <testcase classname="com.MySeleniumProject.API.Tests.LibraryBookAPI" name="addBook" time="0.132"/>
  <system-out/>
  <testcase classname="com.MySeleniumProject.API.Tests.LibraryBookAPI" name="addBook" time="0.203"/>
  <system-out/>
  <testcase classname="com.MySeleniumProject.API.Tests.LibraryBookAPI" name="addBook" time="2.600"/>
  <system-out/>
</testsuite> <!-- com.MySeleniumProject.API.Tests.LibraryBookAPI -->
