<?xml version="1.0" encoding="UTF-8"?>
<!-- Generated by org.testng.reporters.JUnitReportReporter -->
<testsuite hostname="Asplap1704" failures="0" tests="1" name="com.MySeleniumProject.Tests.ThirdTestClass" time="3.925" errors="0" timestamp="2024-05-31T13:33:57 IST" skipped="0">
  <testcase classname="com.MySeleniumProject.Tests.ThirdTestClass" name="fileUploadFromLocal" time="3.925"/>
  <system-out/>
</testsuite> <!-- com.MySeleniumProject.Tests.ThirdTestClass -->
