<?xml version="1.0" encoding="UTF-8"?>
<!-- Generated by org.testng.reporters.JUnitReportReporter -->
<testsuite hostname="Asplap1704" failures="0" tests="1" name="com.MySeleniumProject.exploration.ActionClass" time="5.386" errors="0" timestamp="2024-05-21T12:11:36 IST" skipped="0">
  <testcase classname="com.MySeleniumProject.exploration.ActionClass" name="test1" time="5.386"/>
  <system-out/>
</testsuite> <!-- com.MySeleniumProject.exploration.ActionClass -->
