<?xml version="1.0" encoding="UTF-8"?>
<!-- Generated by org.testng.reporters.JUnitReportReporter -->
<testsuite hostname="Asplap1704" failures="0" tests="1" name="com.MySeleniumProject.CoreJava.hashMapexample" time="0.012" errors="0" timestamp="2024-06-03T11:30:49 IST" skipped="0">
  <testcase classname="com.MySeleniumProject.CoreJava.hashMapexample" name="primeNumberOrNot" time="0.012"/>
  <system-out/>
</testsuite> <!-- com.MySeleniumProject.CoreJava.hashMapexample -->
