<?xml version="1.0" encoding="UTF-8"?>
<!-- Generated by org.testng.reporters.JUnitReportReporter -->
<testsuite hostname="Asplap1704" failures="0" tests="2" name="com.MySeleniumProject.Tests.FirstTestClass" time="0.013" errors="0" timestamp="2024-05-22T14:40:17 IST" skipped="1">
  <testcase classname="com.MySeleniumProject.Tests.FirstTestClass" name="Firsttest2" time="0.013"/>
  <system-out/>
  <testcase classname="com.MySeleniumProject.Tests.FirstTestClass" name="Firsttest3">
    <skipped/>
  </testcase> <!-- Firsttest3 -->
  <system-out/>
</testsuite> <!-- com.MySeleniumProject.Tests.FirstTestClass -->
