<?xml version="1.0" encoding="UTF-8"?>
<!-- Generated by org.testng.reporters.JUnitReportReporter -->
<testsuite hostname="Asplap1704" failures="0" tests="1" name="om.MySeleniumProject.CodingChallange.Challange1" time="0.010" errors="0" timestamp="2024-05-31T08:17:34 IST" skipped="0">
  <testcase classname="om.MySeleniumProject.CodingChallange.Challange1" name="test3" time="0.010"/>
  <system-out/>
</testsuite> <!-- om.MySeleniumProject.CodingChallange.Challange1 -->
