<?xml version="1.0" encoding="UTF-8"?>
<!-- Generated by org.testng.reporters.JUnitReportReporter -->
<testsuite hostname="Asplap1704" failures="0" tests="4" name="com.MySeleniumProject.exploration.FourthTestClass" time="0.013" errors="0" timestamp="2024-05-08T19:25:59 IST" skipped="0">
  <testcase classname="com.MySeleniumProject.exploration.FourthTestClass" name="Fourthtest1" time="0.004"/>
  <system-out/>
  <testcase classname="com.MySeleniumProject.exploration.FourthTestClass" name="Fourthtest3" time="0.003"/>
  <system-out/>
  <testcase classname="com.MySeleniumProject.exploration.FourthTestClass" name="Fourthtest2" time="0.003"/>
  <system-out/>
  <testcase classname="com.MySeleniumProject.exploration.FourthTestClass" name="Fourthtest4" time="0.003"/>
  <system-out/>
</testsuite> <!-- com.MySeleniumProject.exploration.FourthTestClass -->
