<?xml version="1.0" encoding="UTF-8"?>
<!-- Generated by org.testng.reporters.JUnitReportReporter -->
<testsuite hostname="Asplap1704" failures="0" tests="1" name="com.MySeleniumProject.Tests.NewScrollTest" time="0.008" errors="0" timestamp="2024-05-22T17:25:37 IST" skipped="0">
  <testcase classname="com.MySeleniumProject.Tests.NewScrollTest" name="test" time="0.008"/>
  <system-out/>
</testsuite> <!-- com.MySeleniumProject.Tests.NewScrollTest -->
