<?xml version="1.0" encoding="UTF-8"?>
<!-- Generated by org.testng.reporters.JUnitReportReporter -->
<testsuite hostname="DESKTOP-BAGG5AS" failures="0" tests="3" name="com.MySeleniumProject.Tests.CrossBrowserTestingScript" time="11.068" errors="0" timestamp="2024-11-29T19:00:11 IST" skipped="0">
  <testcase classname="com.MySeleniumProject.Tests.CrossBrowserTestingScript" name="verifyTitle" time="3.788"/>
  <system-out/>
  <testcase classname="com.MySeleniumProject.Tests.CrossBrowserTestingScript" name="verifyTitle" time="5.139"/>
  <system-out/>
  <testcase classname="com.MySeleniumProject.Tests.CrossBrowserTestingScript" name="verifyTitle" time="2.141"/>
  <system-out/>
</testsuite> <!-- com.MySeleniumProject.Tests.CrossBrowserTestingScript -->
