<?xml version="1.0" encoding="UTF-8"?>
<!-- Generated by org.testng.reporters.JUnitReportReporter -->
<testsuite hostname="Asplap1704" failures="0" tests="3" name="com.MySeleniumProject.Tests.SecondTestClass" time="0.009" errors="0" timestamp="2024-05-21T12:27:52 IST" skipped="0">
  <testcase classname="com.MySeleniumProject.Tests.SecondTestClass" name="Secondtest2" time="0.005"/>
  <system-out/>
  <testcase classname="com.MySeleniumProject.Tests.SecondTestClass" name="Secondtest2" time="0.001"/>
  <system-out/>
  <testcase classname="com.MySeleniumProject.Tests.SecondTestClass" name="Secondtest2" time="0.003"/>
  <system-out/>
</testsuite> <!-- com.MySeleniumProject.Tests.SecondTestClass -->
